<?xml version="1.0" encoding="utf-8"?><testsuites name="pytest tests"><testsuite name="pytest" errors="0" failures="0" skipped="0" tests="20" time="3.245" timestamp="2026-06-27T14:30:40.013818+00:00" hostname="agent-env-d06e43a2-4633-420d-a8a5-b00ba818590d"><testcase classname="backend.tests.backend_test.TestBasic" name="test_health" time="0.222" /><testcase classname="backend.tests.backend_test.TestBasic" name="test_models" time="0.104" /><testcase classname="backend.tests.backend_test.TestAuth" name="test_no_auth_returns_401" time="0.100" /><testcase classname="backend.tests.backend_test.TestAuth" name="test_with_test_user_returns_200" time="0.136" /><testcase classname="backend.tests.backend_test.TestAuth" name="test_me" time="0.127" /><testcase classname="backend.tests.backend_test.TestAuth" name="test_me_admin" time="0.102" /><testcase classname="backend.tests.backend_test.TestValidation" name="test_scratch_short_topic_400" time="0.106" /><testcase classname="backend.tests.backend_test.TestShareAndPublic" name="test_public_read_existing_share" time="0.109" /><testcase classname="backend.tests.backend_test.TestShareAndPublic" name="test_public_invalid_share_404" time="0.138" /><testcase classname="backend.tests.backend_test.TestShareAndPublic" name="test_toggle_share_round_trip" time="0.324" /><testcase classname="backend.tests.backend_test.TestShareAndPublic" name="test_public_404_when_not_public" time="0.410" /><testcase classname="backend.tests.backend_test.TestSlideEdit" name="test_slide_index_out_of_range" time="0.105" /><testcase classname="backend.tests.backend_test.TestSlideEdit" name="test_slide_edit_empty_instruction" time="0.109" /><testcase classname="backend.tests.backend_test.TestAdmin" name="test_admin_overview" time="0.105" /><testcase classname="backend.tests.backend_test.TestAdmin" name="test_admin_users_list" time="0.105" /><testcase classname="backend.tests.backend_test.TestAdmin" name="test_admin_generations" time="0.096" /><testcase classname="backend.tests.backend_test.TestAdmin" name="test_non_admin_blocked" time="0.093" /><testcase classname="backend.tests.backend_test.TestAdmin" name="test_admin_set_tier" time="0.427" /><testcase classname="backend.tests.backend_test.TestAdmin" name="test_admin_set_tier_invalid" time="0.097" /><testcase classname="backend.tests.backend_test.TestOwnership" name="test_other_user_cannot_see_k2_deck" time="0.097" /></testsuite></testsuites>