<?xml version="1.0" encoding="utf-8"?><testsuites name="pytest tests"><testsuite name="pytest" errors="0" failures="1" skipped="0" tests="12" time="183.282" timestamp="2026-06-26T23:28:52.483844+00:00" hostname="agent-env-d06e43a2-4633-420d-a8a5-b00ba818590d"><testcase classname="backend.tests.backend_test.TestBasic" name="test_health" time="0.223" /><testcase classname="backend.tests.backend_test.TestBasic" name="test_models" time="0.117" /><testcase classname="backend.tests.backend_test.TestAuth" name="test_no_auth_returns_401" time="0.120"><failure message="AssertionError: expected 401 got 500: Internal Server Error&#10;assert 500 == 401&#10; +  where 500 = &lt;Response [500]&gt;.status_code">backend/tests/backend_test.py:61: in test_no_auth_returns_401
    assert r.status_code == 401, f"expected 401 got {r.status_code}: {r.text[:200]}"
E   AssertionError: expected 401 got 500: Internal Server Error
E   assert 500 == 401
E    +  where 500 = &lt;Response [500]&gt;.status_code</failure></testcase><testcase classname="backend.tests.backend_test.TestAuth" name="test_with_test_user_returns_200" time="0.097" /><testcase classname="backend.tests.backend_test.TestAuth" name="test_me" time="0.137" /><testcase classname="backend.tests.backend_test.TestValidation" name="test_scratch_short_topic_400" time="0.150" /><testcase classname="backend.tests.backend_test.TestValidation" name="test_scratch_empty_topic_400" time="0.095" /><testcase classname="backend.tests.backend_test.TestGenerationCRUD" name="test_01_create_scratch" time="0.117" /><testcase classname="backend.tests.backend_test.TestGenerationCRUD" name="test_02_poll_until_ready" time="181.525" /><testcase classname="backend.tests.backend_test.TestGenerationCRUD" name="test_03_list_shows_deck" time="0.113" /><testcase classname="backend.tests.backend_test.TestGenerationCRUD" name="test_04_other_user_cannot_see" time="0.190" /><testcase classname="backend.tests.backend_test.TestGenerationCRUD" name="test_05_delete" time="0.203" /></testsuite></testsuites>